<?xml version="1.0" encoding="UTF-8"?>
<testsuite xmlns:xsi="http://www.w3.org/2001/XMLSchema-instance" xsi:noNamespaceSchemaLocation="https://maven.apache.org/surefire/maven-surefire-plugin/xsd/surefire-test-report-3.0.xsd" version="3.0" name="com.blogsphere.blogsphere.BlogsphereApplicationTests" time="16.819" tests="1" errors="0" skipped="0" failures="0">
  <properties>
[...]
</properties>
  <testcase name="contextLoads" classname="com.blogsphere.blogsphere.BlogsphereApplicationTests" time="1.756">
    <system-out><![CDATA[03:49:38.567 [main] INFO org.springframework.test.context.support.AnnotationConfigContextLoaderUtils -- Could not detect default configuration classes for test class [com.blogsphere.blogsphere.BlogsphereApplicationTests]: BlogsphereApplicationTests does not declare any static, non-private, non-final, nested classes annotated with @Configuration.
03:49:38.835 [main] INFO org.springframework.boot.test.context.SpringBootTestContextBootstrapper -- Found @SpringBootConfiguration com.blogsphere.blogsphere.BlogsphereApplication for test class com.blogsphere.blogsphere.BlogsphereApplicationTests

  .   ____          _            __ _ _
 /\\ / ___'_ __ _ _(_)_ __  __ _ \ \ \ \
( ( )\___ | '_ | '_| | '_ \/ _` | \ \ \ \
 \\/  ___)| |_)| | | | | || (_| |  ) ) ) )
  '  |____| .__|_| |_|_| |_\__, | / / / /
 =========|_|==============|___/=/_/_/_/
 :: Spring Boot ::                (v3.2.0)

2024-07-16T03:49:39.347+05:30  INFO 22316 --- [           main] c.b.b.BlogsphereApplicationTests         : Starting BlogsphereApplicationTests using Java 17.0.11 with PID 22316 (started by Lenovo in C:\Users\Lenovo\Downloads\Blogsphere-main)
2024-07-16T03:49:39.349+05:30  INFO 22316 --- [           main] c.b.b.BlogsphereApplicationTests         : No active profile set, falling back to 1 default profile: "default"
2024-07-16T03:49:40.729+05:30  INFO 22316 --- [           main] .s.d.r.c.RepositoryConfigurationDelegate : Bootstrapping Spring Data JPA repositories in DEFAULT mode.
2024-07-16T03:49:40.807+05:30  INFO 22316 --- [           main] .s.d.r.c.RepositoryConfigurationDelegate : Finished Spring Data repository scanning in 66 ms. Found 2 JPA repository interfaces.
2024-07-16T03:49:41.910+05:30  INFO 22316 --- [           main] o.hibernate.jpa.internal.util.LogHelper  : HHH000204: Processing PersistenceUnitInfo [name: default]
2024-07-16T03:49:42.204+05:30  INFO 22316 --- [           main] org.hibernate.Version                    : HHH000412: Hibernate ORM core version 6.3.1.Final
2024-07-16T03:49:42.260+05:30  INFO 22316 --- [           main] o.h.c.internal.RegionFactoryInitiator    : HHH000026: Second-level cache disabled
2024-07-16T03:49:43.054+05:30  INFO 22316 --- [           main] o.s.o.j.p.SpringPersistenceUnitInfo      : No LoadTimeWeaver setup: ignoring JPA class transformer
2024-07-16T03:49:43.192+05:30  INFO 22316 --- [           main] com.zaxxer.hikari.HikariDataSource       : HikariPool-1 - Starting...
2024-07-16T03:49:45.574+05:30  INFO 22316 --- [           main] com.zaxxer.hikari.pool.HikariPool        : HikariPool-1 - Added connection org.postgresql.jdbc.PgConnection@3a8640f7
2024-07-16T03:49:45.576+05:30  INFO 22316 --- [           main] com.zaxxer.hikari.HikariDataSource       : HikariPool-1 - Start completed.
2024-07-16T03:49:48.283+05:30  INFO 22316 --- [           main] o.h.e.t.j.p.i.JtaPlatformInitiator       : HHH000489: No JTA platform available (set 'hibernate.transaction.jta.platform' to enable JTA platform integration)
Hibernate: create table comments (id bigserial not null, comment_desc varchar(255), email varchar(255), name varchar(255), post_id bigint, primary key (id))
Hibernate: create table posts (id bigserial not null, description varchar(255), title varchar(255), primary key (id))
Hibernate: alter table if exists comments add constraint FKh4c7lvsc298whoyd4w9ta25cr foreign key (post_id) references posts
2024-07-16T03:49:49.898+05:30  INFO 22316 --- [           main] j.LocalContainerEntityManagerFactoryBean : Initialized JPA EntityManagerFactory for persistence unit 'default'
2024-07-16T03:49:51.095+05:30  WARN 22316 --- [           main] JpaBaseConfiguration$JpaWebConfiguration : spring.jpa.open-in-view is enabled by default. Therefore, database queries may be performed during view rendering. Explicitly configure spring.jpa.open-in-view to disable this warning
2024-07-16T03:49:51.169+05:30  INFO 22316 --- [           main] o.s.b.a.w.s.WelcomePageHandlerMapping    : Adding welcome page template: index
2024-07-16T03:49:52.462+05:30  INFO 22316 --- [           main] o.s.b.a.e.web.EndpointLinksResolver      : Exposing 1 endpoint(s) beneath base path '/actuator'
2024-07-16T03:49:52.668+05:30  INFO 22316 --- [           main] c.b.b.BlogsphereApplicationTests         : Started BlogsphereApplicationTests in 13.589 seconds (process running for 15.516)
]]></system-out>
  </testcase>
</testsuite>